-------------------------------------------------------------------------------
Test set: edu.ntnu.idi.idatt.BusinessLogic.ValidRatingTest
-------------------------------------------------------------------------------
Tests run: 10, Failures: 0, Errors: 10, Skipped: 0, Time elapsed: 0.117 s <<< FAILURE! -- in edu.ntnu.idi.idatt.BusinessLogic.ValidRatingTest
edu.ntnu.idi.idatt.BusinessLogic.ValidRatingTest.testValidRatingWithinRange -- Time elapsed: 0.012 s <<< ERROR!
java.util.NoSuchElementException
	at java.base/java.util.Scanner.throwFor(Scanner.java:962)
	at java.base/java.util.Scanner.next(Scanner.java:1503)
	at edu.ntnu.idi.idatt.BusinessLogic.ValidRating.printValidRating(ValidRating.java:19)
	at edu.ntnu.idi.idatt.BusinessLogic.ValidRatingTest.testValidRatingWithinRange(ValidRatingTest.java:34)
	at java.base/java.lang.reflect.Method.invoke(Method.java:565)
	at java.base/java.util.ArrayList.forEach(ArrayList.java:1604)
	at java.base/java.util.ArrayList.forEach(ArrayList.java:1604)

edu.ntnu.idi.idatt.BusinessLogic.ValidRatingTest.testInvalidRatingBelowRangeThenValid -- Time elapsed: 0.020 s <<< ERROR!
java.util.NoSuchElementException
	at java.base/java.util.Scanner.throwFor(Scanner.java:962)
	at java.base/java.util.Scanner.next(Scanner.java:1503)
	at edu.ntnu.idi.idatt.BusinessLogic.ValidRating.printValidRating(ValidRating.java:19)
	at edu.ntnu.idi.idatt.BusinessLogic.ValidRatingTest.testInvalidRatingBelowRangeThenValid(ValidRatingTest.java:58)
	at java.base/java.lang.reflect.Method.invoke(Method.java:565)
	at java.base/java.util.ArrayList.forEach(ArrayList.java:1604)
	at java.base/java.util.ArrayList.forEach(ArrayList.java:1604)

edu.ntnu.idi.idatt.BusinessLogic.ValidRatingTest.testBoundaryValuesMultipleAttempts -- Time elapsed: 0.024 s <<< ERROR!
java.util.NoSuchElementException
	at java.base/java.util.Scanner.throwFor(Scanner.java:962)
	at java.base/java.util.Scanner.next(Scanner.java:1503)
	at edu.ntnu.idi.idatt.BusinessLogic.ValidRating.printValidRating(ValidRating.java:19)
	at edu.ntnu.idi.idatt.BusinessLogic.ValidRatingTest.testBoundaryValuesMultipleAttempts(ValidRatingTest.java:106)
	at java.base/java.lang.reflect.Method.invoke(Method.java:565)
	at java.base/java.util.ArrayList.forEach(ArrayList.java:1604)
	at java.base/java.util.ArrayList.forEach(ArrayList.java:1604)

edu.ntnu.idi.idatt.BusinessLogic.ValidRatingTest.testMultipleInvalidInputsThenValid -- Time elapsed: 0.005 s <<< ERROR!
java.util.NoSuchElementException
	at java.base/java.util.Scanner.throwFor(Scanner.java:962)
	at java.base/java.util.Scanner.next(Scanner.java:1503)
	at edu.ntnu.idi.idatt.BusinessLogic.ValidRating.printValidRating(ValidRating.java:19)
	at edu.ntnu.idi.idatt.BusinessLogic.ValidRatingTest.testMultipleInvalidInputsThenValid(ValidRatingTest.java:82)
	at java.base/java.lang.reflect.Method.invoke(Method.java:565)
	at java.base/java.util.ArrayList.forEach(ArrayList.java:1604)
	at java.base/java.util.ArrayList.forEach(ArrayList.java:1604)

edu.ntnu.idi.idatt.BusinessLogic.ValidRatingTest.testDecimalInputThenValid -- Time elapsed: 0.002 s <<< ERROR!
java.util.NoSuchElementException
	at java.base/java.util.Scanner.throwFor(Scanner.java:962)
	at java.base/java.util.Scanner.next(Scanner.java:1503)
	at edu.ntnu.idi.idatt.BusinessLogic.ValidRating.printValidRating(ValidRating.java:19)
	at edu.ntnu.idi.idatt.BusinessLogic.ValidRatingTest.testDecimalInputThenValid(ValidRatingTest.java:90)
	at java.base/java.lang.reflect.Method.invoke(Method.java:565)
	at java.base/java.util.ArrayList.forEach(ArrayList.java:1604)
	at java.base/java.util.ArrayList.forEach(ArrayList.java:1604)

edu.ntnu.idi.idatt.BusinessLogic.ValidRatingTest.testNonNumericInputThenValid -- Time elapsed: 0.005 s <<< ERROR!
java.util.NoSuchElementException
	at java.base/java.util.Scanner.throwFor(Scanner.java:962)
	at java.base/java.util.Scanner.next(Scanner.java:1503)
	at edu.ntnu.idi.idatt.BusinessLogic.ValidRating.printValidRating(ValidRating.java:19)
	at edu.ntnu.idi.idatt.BusinessLogic.ValidRatingTest.testNonNumericInputThenValid(ValidRatingTest.java:74)
	at java.base/java.lang.reflect.Method.invoke(Method.java:565)
	at java.base/java.util.ArrayList.forEach(ArrayList.java:1604)
	at java.base/java.util.ArrayList.forEach(ArrayList.java:1604)

edu.ntnu.idi.idatt.BusinessLogic.ValidRatingTest.testValidRatingLowerBoundary -- Time elapsed: 0.008 s <<< ERROR!
java.util.NoSuchElementException
	at java.base/java.util.Scanner.throwFor(Scanner.java:962)
	at java.base/java.util.Scanner.next(Scanner.java:1503)
	at edu.ntnu.idi.idatt.BusinessLogic.ValidRating.printValidRating(ValidRating.java:19)
	at edu.ntnu.idi.idatt.BusinessLogic.ValidRatingTest.testValidRatingLowerBoundary(ValidRatingTest.java:42)
	at java.base/java.lang.reflect.Method.invoke(Method.java:565)
	at java.base/java.util.ArrayList.forEach(ArrayList.java:1604)
	at java.base/java.util.ArrayList.forEach(ArrayList.java:1604)

edu.ntnu.idi.idatt.BusinessLogic.ValidRatingTest.testNegativeInputThenValid -- Time elapsed: 0.002 s <<< ERROR!
java.util.NoSuchElementException
	at java.base/java.util.Scanner.throwFor(Scanner.java:962)
	at java.base/java.util.Scanner.next(Scanner.java:1503)
	at edu.ntnu.idi.idatt.BusinessLogic.ValidRating.printValidRating(ValidRating.java:19)
	at edu.ntnu.idi.idatt.BusinessLogic.ValidRatingTest.testNegativeInputThenValid(ValidRatingTest.java:98)
	at java.base/java.lang.reflect.Method.invoke(Method.java:565)
	at java.base/java.util.ArrayList.forEach(ArrayList.java:1604)
	at java.base/java.util.ArrayList.forEach(ArrayList.java:1604)

edu.ntnu.idi.idatt.BusinessLogic.ValidRatingTest.testValidRatingUpperBoundary -- Time elapsed: 0.001 s <<< ERROR!
java.util.NoSuchElementException
	at java.base/java.util.Scanner.throwFor(Scanner.java:962)
	at java.base/java.util.Scanner.next(Scanner.java:1503)
	at edu.ntnu.idi.idatt.BusinessLogic.ValidRating.printValidRating(ValidRating.java:19)
	at edu.ntnu.idi.idatt.BusinessLogic.ValidRatingTest.testValidRatingUpperBoundary(ValidRatingTest.java:50)
	at java.base/java.lang.reflect.Method.invoke(Method.java:565)
	at java.base/java.util.ArrayList.forEach(ArrayList.java:1604)
	at java.base/java.util.ArrayList.forEach(ArrayList.java:1604)

edu.ntnu.idi.idatt.BusinessLogic.ValidRatingTest.testInvalidRatingAboveRangeThenValid -- Time elapsed: 0.001 s <<< ERROR!
java.util.NoSuchElementException
	at java.base/java.util.Scanner.throwFor(Scanner.java:962)
	at java.base/java.util.Scanner.next(Scanner.java:1503)
	at edu.ntnu.idi.idatt.BusinessLogic.ValidRating.printValidRating(ValidRating.java:19)
	at edu.ntnu.idi.idatt.BusinessLogic.ValidRatingTest.testInvalidRatingAboveRangeThenValid(ValidRatingTest.java:66)
	at java.base/java.lang.reflect.Method.invoke(Method.java:565)
	at java.base/java.util.ArrayList.forEach(ArrayList.java:1604)
	at java.base/java.util.ArrayList.forEach(ArrayList.java:1604)

