-------------------------------------------------------------------------------
Test set: edu.ntnu.idi.idatt.BusinessLogic.ValidEntryTest
-------------------------------------------------------------------------------
Tests run: 7, Failures: 0, Errors: 6, Skipped: 0, Time elapsed: 0.267 s <<< FAILURE! -- in edu.ntnu.idi.idatt.BusinessLogic.ValidEntryTest
edu.ntnu.idi.idatt.BusinessLogic.ValidEntryTest.testValidEntryWithPipeThenValid -- Time elapsed: 0.012 s <<< ERROR!
java.util.NoSuchElementException: No line found
	at java.base/java.util.Scanner.nextLine(Scanner.java:1677)
	at edu.ntnu.idi.idatt.BusinessLogic.ValidEntry.printValidEntry(ValidEntry.java:14)
	at edu.ntnu.idi.idatt.BusinessLogic.ValidEntryTest.testValidEntryWithPipeThenValid(ValidEntryTest.java:37)
	at java.base/java.lang.reflect.Method.invoke(Method.java:565)
	at java.base/java.util.ArrayList.forEach(ArrayList.java:1604)
	at java.base/java.util.ArrayList.forEach(ArrayList.java:1604)

edu.ntnu.idi.idatt.BusinessLogic.ValidEntryTest.testValidEntryEmptyStringThenValid -- Time elapsed: 0.003 s <<< ERROR!
java.util.NoSuchElementException: No line found
	at java.base/java.util.Scanner.nextLine(Scanner.java:1677)
	at edu.ntnu.idi.idatt.BusinessLogic.ValidEntry.printValidEntry(ValidEntry.java:14)
	at edu.ntnu.idi.idatt.BusinessLogic.ValidEntryTest.testValidEntryEmptyStringThenValid(ValidEntryTest.java:61)
	at java.base/java.lang.reflect.Method.invoke(Method.java:565)
	at java.base/java.util.ArrayList.forEach(ArrayList.java:1604)
	at java.base/java.util.ArrayList.forEach(ArrayList.java:1604)

edu.ntnu.idi.idatt.BusinessLogic.ValidEntryTest.testValidEntryWithoutPipe -- Time elapsed: 0.008 s <<< ERROR!
java.util.NoSuchElementException: No line found
	at java.base/java.util.Scanner.nextLine(Scanner.java:1677)
	at edu.ntnu.idi.idatt.BusinessLogic.ValidEntry.printValidEntry(ValidEntry.java:14)
	at edu.ntnu.idi.idatt.BusinessLogic.ValidEntryTest.testValidEntryWithoutPipe(ValidEntryTest.java:25)
	at java.base/java.lang.reflect.Method.invoke(Method.java:565)
	at java.base/java.util.ArrayList.forEach(ArrayList.java:1604)
	at java.base/java.util.ArrayList.forEach(ArrayList.java:1604)

edu.ntnu.idi.idatt.BusinessLogic.ValidEntryTest.testValidEntryWithSpecialCharacters -- Time elapsed: 0.016 s <<< ERROR!
java.util.NoSuchElementException: No line found
	at java.base/java.util.Scanner.nextLine(Scanner.java:1677)
	at edu.ntnu.idi.idatt.BusinessLogic.ValidEntry.printValidEntry(ValidEntry.java:14)
	at edu.ntnu.idi.idatt.BusinessLogic.ValidEntryTest.testValidEntryWithSpecialCharacters(ValidEntryTest.java:73)
	at java.base/java.lang.reflect.Method.invoke(Method.java:565)
	at java.base/java.util.ArrayList.forEach(ArrayList.java:1604)
	at java.base/java.util.ArrayList.forEach(ArrayList.java:1604)

edu.ntnu.idi.idatt.BusinessLogic.ValidEntryTest.testValidEntryImmediatelyValid -- Time elapsed: 0.010 s <<< ERROR!
java.util.NoSuchElementException: No line found
	at java.base/java.util.Scanner.nextLine(Scanner.java:1677)
	at edu.ntnu.idi.idatt.BusinessLogic.ValidEntry.printValidEntry(ValidEntry.java:14)
	at edu.ntnu.idi.idatt.BusinessLogic.ValidEntryTest.testValidEntryImmediatelyValid(ValidEntryTest.java:85)
	at java.base/java.lang.reflect.Method.invoke(Method.java:565)
	at java.base/java.util.ArrayList.forEach(ArrayList.java:1604)
	at java.base/java.util.ArrayList.forEach(ArrayList.java:1604)

edu.ntnu.idi.idatt.BusinessLogic.ValidEntryTest.testValidEntryWithMultipleNewlines -- Time elapsed: 0.004 s <<< ERROR!
java.util.NoSuchElementException: No line found
	at java.base/java.util.Scanner.nextLine(Scanner.java:1677)
	at edu.ntnu.idi.idatt.BusinessLogic.ValidEntry.printValidEntry(ValidEntry.java:14)
	at edu.ntnu.idi.idatt.BusinessLogic.ValidEntryTest.testValidEntryWithMultipleNewlines(ValidEntryTest.java:97)
	at java.base/java.lang.reflect.Method.invoke(Method.java:565)
	at java.base/java.util.ArrayList.forEach(ArrayList.java:1604)
	at java.base/java.util.ArrayList.forEach(ArrayList.java:1604)

