<?xml version="1.0" encoding="UTF-8"?>
<testsuite xmlns:xsi="http://www.w3.org/2001/XMLSchema-instance" xsi:noNamespaceSchemaLocation="https://maven.apache.org/surefire/maven-surefire-plugin/xsd/surefire-test-report.xsd" version="3.0.2" name="edu.ntnu.idi.idatt.CreateDay.ValidTitleTest" time="0.033" tests="5" errors="0" skipped="0" failures="0">
  <properties>
[...]
</properties>
  <testcase name="isValidTitle_acceptsNormalTitle" classname="edu.ntnu.idi.idatt.CreateDay.ValidTitleTest" time="0.003"/>
  <testcase name="isValidTitle_rejectsIllegalChars" classname="edu.ntnu.idi.idatt.CreateDay.ValidTitleTest" time="0.011"/>
  <testcase name="isValidTitle_nullOrWhitespace_returnsMinusOne" classname="edu.ntnu.idi.idatt.CreateDay.ValidTitleTest" time="0.005"/>
  <testcase name="isValidTitle_rejectsEmpty" classname="edu.ntnu.idi.idatt.CreateDay.ValidTitleTest" time="0.001"/>
  <testcase name="isValidTitle_boundaryLength_accepts35_rejects36" classname="edu.ntnu.idi.idatt.CreateDay.ValidTitleTest" time="0.002"/>
</testsuite>